  [1m[35m (3.8ms)[0m  [1m[34mSELECT sqlite_version(*)[0m
  [1m[35m (1.7ms)[0m  [1m[35mCREATE TABLE "schema_migrations" ("version" varchar NOT NULL PRIMARY KEY)[0m
  [1m[35m (1.5ms)[0m  [1m[35mCREATE TABLE "ar_internal_metadata" ("key" varchar NOT NULL PRIMARY KEY, "value" varchar, "created_at" datetime(6) NOT NULL, "updated_at" datetime(6) NOT NULL)[0m
  [1m[35m (0.2ms)[0m  [1m[34mSELECT "schema_migrations"."version" FROM "schema_migrations" ORDER BY "schema_migrations"."version" ASC[0m
Migrating to CreateArticles (20191223235536)
  [1m[35m (0.1ms)[0m  [1m[36mbegin transaction[0m
  [1m[35m (0.8ms)[0m  [1m[35mCREATE TABLE "articles" ("id" integer PRIMARY KEY AUTOINCREMENT NOT NULL, "title" varchar, "url" varchar, "created_at" datetime(6) NOT NULL, "updated_at" datetime(6) NOT NULL)[0m
  [1m[36mprimary::SchemaMigration Create (0.2ms)[0m  [1m[32mINSERT INTO "schema_migrations" ("version") VALUES (?)[0m  [["version", "20191223235536"]]
  [1m[35m (1.5ms)[0m  [1m[36mcommit transaction[0m
Migrating to CreateUsers (20191223235558)
  [1m[35m (0.1ms)[0m  [1m[36mbegin transaction[0m
  [1m[35m (0.7ms)[0m  [1m[35mCREATE TABLE "users" ("id" integer PRIMARY KEY AUTOINCREMENT NOT NULL, "name" varchar, "created_at" datetime(6) NOT NULL, "updated_at" datetime(6) NOT NULL)[0m
  [1m[36mprimary::SchemaMigration Create (0.4ms)[0m  [1m[32mINSERT INTO "schema_migrations" ("version") VALUES (?)[0m  [["version", "20191223235558"]]
  [1m[35m (1.6ms)[0m  [1m[36mcommit transaction[0m
Migrating to CreateNotes (20191223235624)
  [1m[35m (0.1ms)[0m  [1m[36mbegin transaction[0m
  [1m[35m (0.5ms)[0m  [1m[35mCREATE TABLE "notes" ("id" integer PRIMARY KEY AUTOINCREMENT NOT NULL, "user_id" integer, "article_id" integer, "text" varchar, "created_at" datetime(6) NOT NULL, "updated_at" datetime(6) NOT NULL)[0m
  [1m[36mprimary::SchemaMigration Create (0.3ms)[0m  [1m[32mINSERT INTO "schema_migrations" ("version") VALUES (?)[0m  [["version", "20191223235624"]]
  [1m[35m (6.6ms)[0m  [1m[36mcommit transaction[0m
  [1m[36mActiveRecord::InternalMetadata Load (0.2ms)[0m  [1m[34mSELECT "ar_internal_metadata".* FROM "ar_internal_metadata" WHERE "ar_internal_metadata"."key" = ? LIMIT ?[0m  [["key", "environment"], ["LIMIT", 1]]
  [1m[35m (0.1ms)[0m  [1m[36mbegin transaction[0m
  [1m[36mActiveRecord::InternalMetadata Create (0.4ms)[0m  [1m[32mINSERT INTO "ar_internal_metadata" ("key", "value", "created_at", "updated_at") VALUES (?, ?, ?, ?)[0m  [["key", "environment"], ["value", "development"], ["created_at", "2019-12-23 23:58:46.129761"], ["updated_at", "2019-12-23 23:58:46.129761"]]
  [1m[35m (1.1ms)[0m  [1m[36mcommit transaction[0m
  [1m[35m (0.1ms)[0m  [1m[34mSELECT sqlite_version(*)[0m
  [1m[35m (0.2ms)[0m  [1m[34mSELECT "schema_migrations"."version" FROM "schema_migrations" ORDER BY "schema_migrations"."version" ASC[0m
  [1m[35m (2.5ms)[0m  [1m[34mSELECT sqlite_version(*)[0m
  [1m[35m (0.3ms)[0m  [1m[34mSELECT "schema_migrations"."version" FROM "schema_migrations" ORDER BY "schema_migrations"."version" ASC[0m
  [1m[35m (1.3ms)[0m  [1m[34mSELECT sqlite_version(*)[0m
  [1m[36mArticle Load (0.6ms)[0m  [1m[34mSELECT "articles".* FROM "articles" LIMIT ?[0m  [["LIMIT", 11]]
  [1m[36mUser Load (0.8ms)[0m  [1m[34mSELECT "users".* FROM "users" LIMIT ?[0m  [["LIMIT", 11]]
Started GET "/notes" for ::1 at 2019-12-23 15:59:47 -0800
  [1m[35m (1.2ms)[0m  [1m[34mSELECT sqlite_version(*)[0m
  [1m[35m (0.7ms)[0m  [1m[34mSELECT "schema_migrations"."version" FROM "schema_migrations" ORDER BY "schema_migrations"."version" ASC[0m
Processing by NotesController#index as HTML
Completed 500 Internal Server Error in 15ms (ActiveRecord: 0.0ms | Allocations: 3209)


  
NameError (uninitialized constant NotesController::NoteSerializer):
  
app/controllers/notes_controller.rb:4:in `index'
Started GET "/favicon.ico" for ::1 at 2019-12-23 15:59:48 -0800
  
ActionController::RoutingError (No route matches [GET] "/favicon.ico"):
  
actionpack (6.0.2.1) lib/action_dispatch/middleware/debug_exceptions.rb:36:in `call'
actionpack (6.0.2.1) lib/action_dispatch/middleware/show_exceptions.rb:33:in `call'
railties (6.0.2.1) lib/rails/rack/logger.rb:38:in `call_app'
railties (6.0.2.1) lib/rails/rack/logger.rb:26:in `block in call'
activesupport (6.0.2.1) lib/active_support/tagged_logging.rb:80:in `block in tagged'
activesupport (6.0.2.1) lib/active_support/tagged_logging.rb:28:in `tagged'
activesupport (6.0.2.1) lib/active_support/tagged_logging.rb:80:in `tagged'
railties (6.0.2.1) lib/rails/rack/logger.rb:26:in `call'
actionpack (6.0.2.1) lib/action_dispatch/middleware/remote_ip.rb:81:in `call'
actionpack (6.0.2.1) lib/action_dispatch/middleware/request_id.rb:27:in `call'
rack (2.0.8) lib/rack/runtime.rb:22:in `call'
activesupport (6.0.2.1) lib/active_support/cache/strategy/local_cache_middleware.rb:29:in `call'
actionpack (6.0.2.1) lib/action_dispatch/middleware/executor.rb:14:in `call'
actionpack (6.0.2.1) lib/action_dispatch/middleware/static.rb:126:in `call'
rack (2.0.8) lib/rack/sendfile.rb:111:in `call'
actionpack (6.0.2.1) lib/action_dispatch/middleware/host_authorization.rb:83:in `call'
railties (6.0.2.1) lib/rails/engine.rb:526:in `call'
puma (4.3.1) lib/puma/configuration.rb:228:in `call'
puma (4.3.1) lib/puma/server.rb:681:in `handle_request'
puma (4.3.1) lib/puma/server.rb:472:in `process_client'
puma (4.3.1) lib/puma/server.rb:328:in `block in run'
puma (4.3.1) lib/puma/thread_pool.rb:134:in `block in spawn_thread'
Started GET "/notes" for ::1 at 2019-12-23 16:03:39 -0800
  [1m[35m (1.1ms)[0m  [1m[34mSELECT sqlite_version(*)[0m
  [1m[35m (0.3ms)[0m  [1m[34mSELECT "schema_migrations"."version" FROM "schema_migrations" ORDER BY "schema_migrations"."version" ASC[0m
Processing by NotesController#index as HTML
  [1m[36mNote Load (0.5ms)[0m  [1m[34mSELECT "notes".* FROM "notes"[0m
  ↳ app/controllers/notes_controller.rb:4:in `index'
Completed 200 OK in 12ms (Views: 2.3ms | ActiveRecord: 0.9ms | Allocations: 2532)


  [1m[35m (0.7ms)[0m  [1m[34mSELECT sqlite_version(*)[0m
  [1m[35m (0.4ms)[0m  [1m[34mSELECT "schema_migrations"."version" FROM "schema_migrations" ORDER BY "schema_migrations"."version" ASC[0m
  [1m[35m (0.1ms)[0m  [1m[34mSELECT sqlite_version(*)[0m
  [1m[35m (0.1ms)[0m  [1m[36mbegin transaction[0m
  [1m[36mUser Create (1.0ms)[0m  [1m[32mINSERT INTO "users" ("name", "created_at", "updated_at") VALUES (?, ?, ?)[0m  [["name", "Allen Shin"], ["created_at", "2019-12-24 00:04:04.368934"], ["updated_at", "2019-12-24 00:04:04.368934"]]
  [1m[35m (1.3ms)[0m  [1m[36mcommit transaction[0m
  [1m[35m (0.1ms)[0m  [1m[36mbegin transaction[0m
  [1m[36mArticle Create (1.1ms)[0m  [1m[32mINSERT INTO "articles" ("title", "url", "created_at", "updated_at") VALUES (?, ?, ?, ?)[0m  [["title", "How to write a HOC in 3 easy steps"], ["url", "https://paulgray.net/how-to-write-a-hoc/?utm_campaign=React%2BNewsletter&utm_medium=email&utm_source=React_Newsletter_100"], ["created_at", "2019-12-24 00:04:04.384764"], ["updated_at", "2019-12-24 00:04:04.384764"]]
  [1m[35m (1.4ms)[0m  [1m[36mcommit transaction[0m
  [1m[35m (0.1ms)[0m  [1m[36mbegin transaction[0m
  [1m[36mArticle Create (0.4ms)[0m  [1m[32mINSERT INTO "articles" ("title", "url", "created_at", "updated_at") VALUES (?, ?, ?, ?)[0m  [["title", "Optimize Backbone Filtering"], ["url", "https://www.sciencedirect.com/science/article/abs/pii/S0167642319301674"], ["created_at", "2019-12-24 00:04:04.391913"], ["updated_at", "2019-12-24 00:04:04.391913"]]
  [1m[35m (1.1ms)[0m  [1m[36mcommit transaction[0m
  [1m[35m (0.1ms)[0m  [1m[36mbegin transaction[0m
  [1m[36mArticle Create (0.4ms)[0m  [1m[32mINSERT INTO "articles" ("title", "url", "created_at", "updated_at") VALUES (?, ?, ?, ?)[0m  [["title", "End-to-end information flow security for web services orchestration"], ["url", "https://www.sciencedirect.com/science/article/abs/pii/S0167642318301618"], ["created_at", "2019-12-24 00:04:04.397320"], ["updated_at", "2019-12-24 00:04:04.397320"]]
  [1m[35m (1.0ms)[0m  [1m[36mcommit transaction[0m
  [1m[35m (0.0ms)[0m  [1m[36mbegin transaction[0m
  [1m[36mArticle Create (0.5ms)[0m  [1m[32mINSERT INTO "articles" ("title", "url", "created_at", "updated_at") VALUES (?, ?, ?, ?)[0m  [["title", "Automatic syntax error reporting and recovery in parsing expression grammars"], ["url", "https://www.sciencedirect.com/science/article/abs/pii/S0167642319301662"], ["created_at", "2019-12-24 00:04:04.402378"], ["updated_at", "2019-12-24 00:04:04.402378"]]
  [1m[35m (1.3ms)[0m  [1m[36mcommit transaction[0m
  [1m[35m (0.1ms)[0m  [1m[36mbegin transaction[0m
  [1m[36mArticle Create (0.4ms)[0m  [1m[32mINSERT INTO "articles" ("title", "url", "created_at", "updated_at") VALUES (?, ?, ?, ?)[0m  [["title", "Formalizing SPARCv8 instruction set architecture in Coq"], ["url", "https://www.sciencedirect.com/science/article/abs/pii/S0167642318301163"], ["created_at", "2019-12-24 00:04:04.425938"], ["updated_at", "2019-12-24 00:04:04.425938"]]
  [1m[35m (0.9ms)[0m  [1m[36mcommit transaction[0m
  [1m[35m (0.1ms)[0m  [1m[36mbegin transaction[0m
  [1m[36mUser Load (0.3ms)[0m  [1m[34mSELECT "users".* FROM "users" WHERE "users"."id" = ? LIMIT ?[0m  [["id", 1], ["LIMIT", 1]]
  [1m[36mArticle Load (0.1ms)[0m  [1m[34mSELECT "articles".* FROM "articles" WHERE "articles"."id" = ? LIMIT ?[0m  [["id", 1], ["LIMIT", 1]]
  [1m[36mNote Create (0.5ms)[0m  [1m[32mINSERT INTO "notes" ("user_id", "article_id", "text", "created_at", "updated_at") VALUES (?, ?, ?, ?, ?)[0m  [["user_id", 1], ["article_id", 1], ["text", "Sample Text 1"], ["created_at", "2019-12-24 00:04:04.520421"], ["updated_at", "2019-12-24 00:04:04.520421"]]
  [1m[35m (1.1ms)[0m  [1m[36mcommit transaction[0m
  [1m[35m (0.0ms)[0m  [1m[36mbegin transaction[0m
  [1m[36mUser Load (0.1ms)[0m  [1m[34mSELECT "users".* FROM "users" WHERE "users"."id" = ? LIMIT ?[0m  [["id", 1], ["LIMIT", 1]]
  [1m[36mArticle Load (0.1ms)[0m  [1m[34mSELECT "articles".* FROM "articles" WHERE "articles"."id" = ? LIMIT ?[0m  [["id", 2], ["LIMIT", 1]]
  [1m[36mNote Create (0.6ms)[0m  [1m[32mINSERT INTO "notes" ("user_id", "article_id", "text", "created_at", "updated_at") VALUES (?, ?, ?, ?, ?)[0m  [["user_id", 1], ["article_id", 2], ["text", "Sample Text 2"], ["created_at", "2019-12-24 00:04:04.528899"], ["updated_at", "2019-12-24 00:04:04.528899"]]
  [1m[35m (1.1ms)[0m  [1m[36mcommit transaction[0m
  [1m[35m (0.1ms)[0m  [1m[36mbegin transaction[0m
  [1m[36mUser Load (0.1ms)[0m  [1m[34mSELECT "users".* FROM "users" WHERE "users"."id" = ? LIMIT ?[0m  [["id", 1], ["LIMIT", 1]]
  [1m[36mArticle Load (0.1ms)[0m  [1m[34mSELECT "articles".* FROM "articles" WHERE "articles"."id" = ? LIMIT ?[0m  [["id", 3], ["LIMIT", 1]]
  [1m[36mNote Create (0.4ms)[0m  [1m[32mINSERT INTO "notes" ("user_id", "article_id", "text", "created_at", "updated_at") VALUES (?, ?, ?, ?, ?)[0m  [["user_id", 1], ["article_id", 3], ["text", "Sample Text 3"], ["created_at", "2019-12-24 00:04:04.537887"], ["updated_at", "2019-12-24 00:04:04.537887"]]
  [1m[35m (0.7ms)[0m  [1m[36mcommit transaction[0m
  [1m[35m (0.0ms)[0m  [1m[36mbegin transaction[0m
  [1m[36mUser Load (0.1ms)[0m  [1m[34mSELECT "users".* FROM "users" WHERE "users"."id" = ? LIMIT ?[0m  [["id", 1], ["LIMIT", 1]]
  [1m[36mArticle Load (0.1ms)[0m  [1m[34mSELECT "articles".* FROM "articles" WHERE "articles"."id" = ? LIMIT ?[0m  [["id", 4], ["LIMIT", 1]]
  [1m[36mNote Create (0.4ms)[0m  [1m[32mINSERT INTO "notes" ("user_id", "article_id", "text", "created_at", "updated_at") VALUES (?, ?, ?, ?, ?)[0m  [["user_id", 1], ["article_id", 4], ["text", "Sample Text 4"], ["created_at", "2019-12-24 00:04:04.545584"], ["updated_at", "2019-12-24 00:04:04.545584"]]
  [1m[35m (0.8ms)[0m  [1m[36mcommit transaction[0m
  [1m[35m (0.1ms)[0m  [1m[36mbegin transaction[0m
  [1m[36mUser Load (0.1ms)[0m  [1m[34mSELECT "users".* FROM "users" WHERE "users"."id" = ? LIMIT ?[0m  [["id", 1], ["LIMIT", 1]]
  [1m[36mArticle Load (0.0ms)[0m  [1m[34mSELECT "articles".* FROM "articles" WHERE "articles"."id" = ? LIMIT ?[0m  [["id", 5], ["LIMIT", 1]]
  [1m[36mNote Create (0.4ms)[0m  [1m[32mINSERT INTO "notes" ("user_id", "article_id", "text", "created_at", "updated_at") VALUES (?, ?, ?, ?, ?)[0m  [["user_id", 1], ["article_id", 5], ["text", "Sample Text 5"], ["created_at", "2019-12-24 00:04:04.553102"], ["updated_at", "2019-12-24 00:04:04.553102"]]
  [1m[35m (1.3ms)[0m  [1m[36mcommit transaction[0m
  [1m[35m (0.9ms)[0m  [1m[34mSELECT sqlite_version(*)[0m
  [1m[36mArticle Load (0.3ms)[0m  [1m[34mSELECT "articles".* FROM "articles" LIMIT ?[0m  [["LIMIT", 11]]
  [1m[36mUser Load (0.3ms)[0m  [1m[34mSELECT "users".* FROM "users" LIMIT ?[0m  [["LIMIT", 11]]
  [1m[36mNote Load (0.3ms)[0m  [1m[34mSELECT "notes".* FROM "notes" LIMIT ?[0m  [["LIMIT", 11]]
Started GET "/" for ::1 at 2019-12-26 16:54:20 -0800
  [1m[35m (0.9ms)[0m  [1m[34mSELECT sqlite_version(*)[0m
  [1m[35m (0.6ms)[0m  [1m[34mSELECT "schema_migrations"."version" FROM "schema_migrations" ORDER BY "schema_migrations"."version" ASC[0m
Processing by Rails::WelcomeController#index as HTML
  Rendering /Users/flatironschool/.rvm/gems/ruby-2.6.1/gems/railties-6.0.2.1/lib/rails/templates/rails/welcome/index.html.erb
  Rendered /Users/flatironschool/.rvm/gems/ruby-2.6.1/gems/railties-6.0.2.1/lib/rails/templates/rails/welcome/index.html.erb (Duration: 11.9ms | Allocations: 316)
Completed 200 OK in 25ms (Views: 17.9ms | ActiveRecord: 0.0ms | Allocations: 1602)


Started GET "/notes/2" for ::1 at 2019-12-26 16:54:27 -0800
Processing by NotesController#show as HTML
  Parameters: {"id"=>"2"}
  [1m[36mNote Load (1.0ms)[0m  [1m[34mSELECT "notes".* FROM "notes" WHERE (2) LIMIT ?[0m  [["LIMIT", 1]]
  ↳ app/controllers/notes_controller.rb:16:in `show'
Completed 200 OK in 97ms (Views: 0.7ms | ActiveRecord: 2.9ms | Allocations: 6184)


  [1m[35m (0.6ms)[0m  [1m[34mSELECT sqlite_version(*)[0m
  [1m[35m (0.1ms)[0m  [1m[34mSELECT "schema_migrations"."version" FROM "schema_migrations" ORDER BY "schema_migrations"."version" ASC[0m
  [1m[36mActiveRecord::InternalMetadata Load (0.3ms)[0m  [1m[34mSELECT "ar_internal_metadata".* FROM "ar_internal_metadata" WHERE "ar_internal_metadata"."key" = ? LIMIT ?[0m  [["key", "environment"], ["LIMIT", 1]]
  [1m[35m (0.1ms)[0m  [1m[34mSELECT sqlite_version(*)[0m
  [1m[35m (0.1ms)[0m  [1m[34mSELECT "schema_migrations"."version" FROM "schema_migrations" ORDER BY "schema_migrations"."version" ASC[0m
  [1m[35m (1.3ms)[0m  [1m[34mSELECT sqlite_version(*)[0m
  [1m[35m (0.3ms)[0m  [1m[34mSELECT "schema_migrations"."version" FROM "schema_migrations" ORDER BY "schema_migrations"."version" ASC[0m
  [1m[36mActiveRecord::InternalMetadata Load (0.5ms)[0m  [1m[34mSELECT "ar_internal_metadata".* FROM "ar_internal_metadata" WHERE "ar_internal_metadata"."key" = ? LIMIT ?[0m  [["key", "environment"], ["LIMIT", 1]]
  [1m[35m (0.1ms)[0m  [1m[34mSELECT sqlite_version(*)[0m
  [1m[35m (0.1ms)[0m  [1m[34mSELECT "schema_migrations"."version" FROM "schema_migrations" ORDER BY "schema_migrations"."version" ASC[0m
  [1m[35m (1.3ms)[0m  [1m[34mSELECT sqlite_version(*)[0m
  [1m[35m (0.2ms)[0m  [1m[34mSELECT "schema_migrations"."version" FROM "schema_migrations" ORDER BY "schema_migrations"."version" ASC[0m
  [1m[35m (0.1ms)[0m  [1m[34mSELECT sqlite_version(*)[0m
  [1m[35m (0.1ms)[0m  [1m[36mbegin transaction[0m
  [1m[36mUser Create (3.5ms)[0m  [1m[32mINSERT INTO "users" ("name", "created_at", "updated_at") VALUES (?, ?, ?)[0m  [["name", "Allen Shin"], ["created_at", "2019-12-28 23:41:57.896157"], ["updated_at", "2019-12-28 23:41:57.896157"]]
  [1m[35m (4.3ms)[0m  [1m[36mcommit transaction[0m
  [1m[35m (0.0ms)[0m  [1m[36mbegin transaction[0m
  [1m[36mArticle Create (0.4ms)[0m  [1m[32mINSERT INTO "articles" ("title", "url", "created_at", "updated_at") VALUES (?, ?, ?, ?)[0m  [["title", "How to write a HOC in 3 easy steps"], ["url", "https://paulgray.net/how-to-write-a-hoc/?utm_campaign=React%2BNewsletter&utm_medium=email&utm_source=React_Newsletter_100"], ["created_at", "2019-12-28 23:41:57.921062"], ["updated_at", "2019-12-28 23:41:57.921062"]]
  [1m[35m (1.0ms)[0m  [1m[36mcommit transaction[0m
  [1m[35m (0.0ms)[0m  [1m[36mbegin transaction[0m
  [1m[36mArticle Create (0.4ms)[0m  [1m[32mINSERT INTO "articles" ("title", "url", "created_at", "updated_at") VALUES (?, ?, ?, ?)[0m  [["title", "Optimize Backbone Filtering"], ["url", "https://www.sciencedirect.com/science/article/abs/pii/S0167642319301674"], ["created_at", "2019-12-28 23:41:57.926330"], ["updated_at", "2019-12-28 23:41:57.926330"]]
  [1m[35m (1.2ms)[0m  [1m[36mcommit transaction[0m
  [1m[35m (0.0ms)[0m  [1m[36mbegin transaction[0m
  [1m[36mArticle Create (0.4ms)[0m  [1m[32mINSERT INTO "articles" ("title", "url", "created_at", "updated_at") VALUES (?, ?, ?, ?)[0m  [["title", "End-to-end information flow security for web services orchestration"], ["url", "https://www.sciencedirect.com/science/article/abs/pii/S0167642318301618"], ["created_at", "2019-12-28 23:41:57.931285"], ["updated_at", "2019-12-28 23:41:57.931285"]]
  [1m[35m (1.0ms)[0m  [1m[36mcommit transaction[0m
  [1m[35m (0.0ms)[0m  [1m[36mbegin transaction[0m
  [1m[36mArticle Create (0.4ms)[0m  [1m[32mINSERT INTO "articles" ("title", "url", "created_at", "updated_at") VALUES (?, ?, ?, ?)[0m  [["title", "Automatic syntax error reporting and recovery in parsing expression grammars"], ["url", "https://www.sciencedirect.com/science/article/abs/pii/S0167642319301662"], ["created_at", "2019-12-28 23:41:57.936389"], ["updated_at", "2019-12-28 23:41:57.936389"]]
  [1m[35m (1.1ms)[0m  [1m[36mcommit transaction[0m
  [1m[35m (0.0ms)[0m  [1m[36mbegin transaction[0m
  [1m[36mArticle Create (0.4ms)[0m  [1m[32mINSERT INTO "articles" ("title", "url", "created_at", "updated_at") VALUES (?, ?, ?, ?)[0m  [["title", "Formalizing SPARCv8 instruction set architecture in Coq"], ["url", "https://www.sciencedirect.com/science/article/abs/pii/S0167642318301163"], ["created_at", "2019-12-28 23:41:57.941356"], ["updated_at", "2019-12-28 23:41:57.941356"]]
  [1m[35m (1.0ms)[0m  [1m[36mcommit transaction[0m
  [1m[35m (0.1ms)[0m  [1m[36mbegin transaction[0m
  [1m[36mUser Load (0.2ms)[0m  [1m[34mSELECT "users".* FROM "users" WHERE "users"."id" = ? LIMIT ?[0m  [["id", 1], ["LIMIT", 1]]
  [1m[36mArticle Load (0.1ms)[0m  [1m[34mSELECT "articles".* FROM "articles" WHERE "articles"."id" = ? LIMIT ?[0m  [["id", 1], ["LIMIT", 1]]
  [1m[36mNote Create (0.7ms)[0m  [1m[32mINSERT INTO "notes" ("user_id", "article_id", "text", "created_at", "updated_at") VALUES (?, ?, ?, ?, ?)[0m  [["user_id", 1], ["article_id", 1], ["text", "Sample Text 1"], ["created_at", "2019-12-28 23:41:57.977986"], ["updated_at", "2019-12-28 23:41:57.977986"]]
  [1m[35m (1.0ms)[0m  [1m[36mcommit transaction[0m
  [1m[35m (0.0ms)[0m  [1m[36mbegin transaction[0m
  [1m[36mUser Load (0.1ms)[0m  [1m[34mSELECT "users".* FROM "users" WHERE "users"."id" = ? LIMIT ?[0m  [["id", 1], ["LIMIT", 1]]
  [1m[36mArticle Load (0.1ms)[0m  [1m[34mSELECT "articles".* FROM "articles" WHERE "articles"."id" = ? LIMIT ?[0m  [["id", 2], ["LIMIT", 1]]
  [1m[36mNote Create (0.6ms)[0m  [1m[32mINSERT INTO "notes" ("user_id", "article_id", "text", "created_at", "updated_at") VALUES (?, ?, ?, ?, ?)[0m  [["user_id", 1], ["article_id", 2], ["text", "Sample Text 2"], ["created_at", "2019-12-28 23:41:58.024912"], ["updated_at", "2019-12-28 23:41:58.024912"]]
  [1m[35m (1.0ms)[0m  [1m[36mcommit transaction[0m
  [1m[35m (0.1ms)[0m  [1m[36mbegin transaction[0m
  [1m[36mUser Load (0.3ms)[0m  [1m[34mSELECT "users".* FROM "users" WHERE "users"."id" = ? LIMIT ?[0m  [["id", 1], ["LIMIT", 1]]
  [1m[36mArticle Load (0.1ms)[0m  [1m[34mSELECT "articles".* FROM "articles" WHERE "articles"."id" = ? LIMIT ?[0m  [["id", 3], ["LIMIT", 1]]
  [1m[36mNote Create (0.4ms)[0m  [1m[32mINSERT INTO "notes" ("user_id", "article_id", "text", "created_at", "updated_at") VALUES (?, ?, ?, ?, ?)[0m  [["user_id", 1], ["article_id", 3], ["text", "Sample Text 3"], ["created_at", "2019-12-28 23:41:58.037653"], ["updated_at", "2019-12-28 23:41:58.037653"]]
  [1m[35m (1.2ms)[0m  [1m[36mcommit transaction[0m
  [1m[35m (0.1ms)[0m  [1m[36mbegin transaction[0m
  [1m[36mUser Load (0.1ms)[0m  [1m[34mSELECT "users".* FROM "users" WHERE "users"."id" = ? LIMIT ?[0m  [["id", 1], ["LIMIT", 1]]
  [1m[36mArticle Load (0.0ms)[0m  [1m[34mSELECT "articles".* FROM "articles" WHERE "articles"."id" = ? LIMIT ?[0m  [["id", 4], ["LIMIT", 1]]
  [1m[36mNote Create (0.3ms)[0m  [1m[32mINSERT INTO "notes" ("user_id", "article_id", "text", "created_at", "updated_at") VALUES (?, ?, ?, ?, ?)[0m  [["user_id", 1], ["article_id", 4], ["text", "Sample Text 4"], ["created_at", "2019-12-28 23:41:58.046012"], ["updated_at", "2019-12-28 23:41:58.046012"]]
  [1m[35m (1.6ms)[0m  [1m[36mcommit transaction[0m
  [1m[35m (0.0ms)[0m  [1m[36mbegin transaction[0m
  [1m[36mUser Load (0.1ms)[0m  [1m[34mSELECT "users".* FROM "users" WHERE "users"."id" = ? LIMIT ?[0m  [["id", 1], ["LIMIT", 1]]
  [1m[36mArticle Load (0.0ms)[0m  [1m[34mSELECT "articles".* FROM "articles" WHERE "articles"."id" = ? LIMIT ?[0m  [["id", 5], ["LIMIT", 1]]
  [1m[36mNote Create (0.3ms)[0m  [1m[32mINSERT INTO "notes" ("user_id", "article_id", "text", "created_at", "updated_at") VALUES (?, ?, ?, ?, ?)[0m  [["user_id", 1], ["article_id", 5], ["text", "Sample Text 5"], ["created_at", "2019-12-28 23:41:58.053698"], ["updated_at", "2019-12-28 23:41:58.053698"]]
  [1m[35m (1.2ms)[0m  [1m[36mcommit transaction[0m
Started GET "/" for ::1 at 2019-12-28 15:42:08 -0800
  [1m[35m (0.8ms)[0m  [1m[34mSELECT sqlite_version(*)[0m
  [1m[35m (0.2ms)[0m  [1m[34mSELECT "schema_migrations"."version" FROM "schema_migrations" ORDER BY "schema_migrations"."version" ASC[0m
Processing by Rails::WelcomeController#index as HTML
  Rendering /Users/flatironschool/.rvm/gems/ruby-2.6.1/gems/railties-6.0.2.1/lib/rails/templates/rails/welcome/index.html.erb
  Rendered /Users/flatironschool/.rvm/gems/ruby-2.6.1/gems/railties-6.0.2.1/lib/rails/templates/rails/welcome/index.html.erb (Duration: 86.5ms | Allocations: 316)
Completed 200 OK in 102ms (Views: 95.2ms | ActiveRecord: 0.0ms | Allocations: 1602)


Started GET "/notes/2" for ::1 at 2019-12-28 15:42:14 -0800
Processing by NotesController#show as HTML
  Parameters: {"id"=>"2"}
  [1m[36mNote Load (0.2ms)[0m  [1m[34mSELECT "notes".* FROM "notes" WHERE (2) LIMIT ?[0m  [["LIMIT", 1]]
  ↳ app/controllers/notes_controller.rb:16:in `show'
Completed 200 OK in 30ms (Views: 1.6ms | ActiveRecord: 1.7ms | Allocations: 6210)


Started GET "/notes" for ::1 at 2019-12-28 15:42:30 -0800
Processing by NotesController#index as HTML
  [1m[36mNote Load (0.2ms)[0m  [1m[34mSELECT "notes".* FROM "notes"[0m
  ↳ app/controllers/notes_controller.rb:4:in `index'
Completed 200 OK in 4ms (Views: 3.6ms | ActiveRecord: 0.2ms | Allocations: 1333)


  [1m[35m (1.7ms)[0m  [1m[34mSELECT sqlite_version(*)[0m
  [1m[36mUser Load (0.2ms)[0m  [1m[34mSELECT "users".* FROM "users" ORDER BY "users"."id" ASC LIMIT ?[0m  [["LIMIT", 1]]
  [1m[36mNote Load (0.3ms)[0m  [1m[34mSELECT "notes".* FROM "notes" LIMIT ?[0m  [["LIMIT", 11]]
Started GET "/notes" for ::1 at 2019-12-28 15:45:42 -0800
  [1m[35m (1.0ms)[0m  [1m[34mSELECT sqlite_version(*)[0m
  [1m[35m (0.1ms)[0m  [1m[34mSELECT "schema_migrations"."version" FROM "schema_migrations" ORDER BY "schema_migrations"."version" ASC[0m
Processing by NotesController#index as HTML
  [1m[36mNote Load (0.3ms)[0m  [1m[34mSELECT "notes".* FROM "notes"[0m
  ↳ app/controllers/notes_controller.rb:4:in `index'
Completed 200 OK in 17ms (Views: 8.5ms | ActiveRecord: 1.0ms | Allocations: 6623)


Started GET "/notes" for ::1 at 2019-12-28 15:45:42 -0800
Processing by NotesController#index as HTML
  [1m[36mNote Load (0.2ms)[0m  [1m[34mSELECT "notes".* FROM "notes"[0m
  ↳ app/controllers/notes_controller.rb:4:in `index'
Completed 200 OK in 2ms (Views: 1.8ms | ActiveRecord: 0.2ms | Allocations: 1313)


Started GET "/notes" for ::1 at 2019-12-28 15:45:44 -0800
Processing by NotesController#index as HTML
  [1m[36mNote Load (0.2ms)[0m  [1m[34mSELECT "notes".* FROM "notes"[0m
  ↳ app/controllers/notes_controller.rb:4:in `index'
Completed 200 OK in 4ms (Views: 3.0ms | ActiveRecord: 0.2ms | Allocations: 1313)


Started GET "/notes" for ::1 at 2019-12-28 16:07:33 -0800
  [1m[35m (0.1ms)[0m  [1m[34mSELECT sqlite_version(*)[0m
Processing by NotesController#index as HTML
  [1m[36mNote Load (0.4ms)[0m  [1m[34mSELECT "notes".* FROM "notes"[0m
  ↳ app/controllers/notes_controller.rb:4:in `index'
Completed 200 OK in 19ms (Views: 11.1ms | ActiveRecord: 0.4ms | Allocations: 7722)


